The flag 'directory' used in rule read_counts is only valid for outputs, not inputs.
Building DAG of jobs...
Using shell: /usr/bin/bash
Provided cores: 72
Rules claiming more threads will be scaled down.
Job stats:
job            count    min threads    max threads
-----------  -------  -------------  -------------
read_counts        1              1              1
total              1              1              1

Select jobs to execute...

[Tue Oct 29 11:08:03 2024]
rule read_counts:
    input: /lab/corradin_data/FOR_SIMRAN/scRNA_seq/test_files
    output: /lab/corradin_data/FOR_SIMRAN/scRNA_seq/results/seurat_obj.RData
    jobid: 0
    reason: Missing output files: /lab/corradin_data/FOR_SIMRAN/scRNA_seq/results/seurat_obj.RData
    resources: tmpdir=/tmp

[Tue Oct 29 11:08:10 2024]
Error in rule read_counts:
    jobid: 0
    input: /lab/corradin_data/FOR_SIMRAN/scRNA_seq/test_files
    output: /lab/corradin_data/FOR_SIMRAN/scRNA_seq/results/seurat_obj.RData

Shutting down, this might take some time.
Exiting because a job execution failed. Look above for error message
Complete log: .snakemake/log/2024-10-29T110802.414175.snakemake.log
